[2022-04-03 08:57:42] local.ERROR: SQLSTATE[HY000] [2002] Connection refused (SQL: insert into `product` (`type_id`, `brandname`, `pic_url`, `price`, `available`, `stock`, `updated_at`, `created_at`) values (10, WD, imgur.com, 500, 0, 5, 2022-04-03 08:57:42, 2022-04-03 08:57:42)) {"exception":"[object] (Illuminate\\Database\\QueryException(code: 2002): SQLSTATE[HY000] [2002] Connection refused (SQL: insert into `product` (`type_id`, `brandname`, `pic_url`, `price`, `available`, `stock`, `updated_at`, `created_at`) values (10, WD, imgur.com, 500, 0, 5, 2022-04-03 08:57:42, 2022-04-03 08:57:42)) at /app/vendor/laravel/framework/src/Illuminate/Database/Connection.php:716)
[stacktrace]
#0 /app/vendor/laravel/framework/src/Illuminate/Database/Connection.php(788): Illuminate\\Database\\Connection->runQueryCallback()
#1 /app/vendor/laravel/framework/src/Illuminate/Database/Connection.php(768): Illuminate\\Database\\Connection->tryAgainIfCausedByLostConnection()
#2 /app/vendor/laravel/framework/src/Illuminate/Database/Connection.php(679): Illuminate\\Database\\Connection->handleQueryException()
#3 /app/vendor/laravel/framework/src/Illuminate/Database/Connection.php(502): Illuminate\\Database\\Connection->run()
#4 /app/vendor/laravel/framework/src/Illuminate/Database/Connection.php(454): Illuminate\\Database\\Connection->statement()
#5 /app/vendor/laravel/framework/src/Illuminate/Database/Query/Processors/Processor.php(32): Illuminate\\Database\\Connection->insert()
#6 /app/vendor/laravel/framework/src/Illuminate/Database/Query/Builder.php(3170): Illuminate\\Database\\Query\\Processors\\Processor->processInsertGetId()
#7 /app/vendor/laravel/framework/src/Illuminate/Database/Eloquent/Builder.php(1707): Illuminate\\Database\\Query\\Builder->insertGetId()
#8 /app/vendor/laravel/framework/src/Illuminate/Database/Eloquent/Model.php(1190): Illuminate\\Database\\Eloquent\\Builder->__call()
#9 /app/vendor/laravel/framework/src/Illuminate/Database/Eloquent/Model.php(1155): Illuminate\\Database\\Eloquent\\Model->insertAndSetId()
#10 /app/vendor/laravel/framework/src/Illuminate/Database/Eloquent/Model.php(996): Illuminate\\Database\\Eloquent\\Model->performInsert()
#11 /app/vendor/laravel/framework/src/Illuminate/Database/Eloquent/Builder.php(946): Illuminate\\Database\\Eloquent\\Model->save()
#12 /app/vendor/laravel/framework/src/Illuminate/Support/helpers.php(302): Illuminate\\Database\\Eloquent\\Builder->Illuminate\\Database\\Eloquent\\{closure}()
#13 /app/vendor/laravel/framework/src/Illuminate/Database/Eloquent/Builder.php(947): tap()
#14 /app/vendor/laravel/framework/src/Illuminate/Support/Traits/ForwardsCalls.php(23): Illuminate\\Database\\Eloquent\\Builder->create()
#15 /app/vendor/laravel/framework/src/Illuminate/Database/Eloquent/Model.php(2133): Illuminate\\Database\\Eloquent\\Model->forwardCallTo()
#16 /app/vendor/laravel/framework/src/Illuminate/Database/Eloquent/Model.php(2145): Illuminate\\Database\\Eloquent\\Model->__call()
#17 /app/app/Http/Controllers/ProductController.php(28): Illuminate\\Database\\Eloquent\\Model::__callStatic()
#18 /app/vendor/laravel/framework/src/Illuminate/Routing/Controller.php(54): App\\Http\\Controllers\\ProductController->store()
#19 /app/vendor/laravel/framework/src/Illuminate/Routing/ControllerDispatcher.php(45): Illuminate\\Routing\\Controller->callAction()
#20 /app/vendor/laravel/framework/src/Illuminate/Routing/Route.php(261): Illuminate\\Routing\\ControllerDispatcher->dispatch()
#21 /app/vendor/laravel/framework/src/Illuminate/Routing/Route.php(204): Illuminate\\Routing\\Route->runController()
#22 /app/vendor/laravel/framework/src/Illuminate/Routing/Router.php(725): Illuminate\\Routing\\Route->run()
#23 /app/vendor/laravel/framework/src/Illuminate/Pipeline/Pipeline.php(141): Illuminate\\Routing\\Router->Illuminate\\Routing\\{closure}()
#24 /app/vendor/laravel/framework/src/Illuminate/Routing/Middleware/SubstituteBindings.php(50): Illuminate\\Pipeline\\Pipeline->Illuminate\\Pipeline\\{closure}()
#25 /app/vendor/laravel/framework/src/Illuminate/Pipeline/Pipeline.php(180): Illuminate\\Routing\\Middleware\\SubstituteBindings->handle()
#26 /app/vendor/laravel/framework/src/Illuminate/Routing/Middleware/ThrottleRequests.php(126): Illuminate\\Pipeline\\Pipeline->Illuminate\\Pipeline\\{closure}()
#27 /app/vendor/laravel/framework/src/Illuminate/Routing/Middleware/ThrottleRequests.php(102): Illuminate\\Routing\\Middleware\\ThrottleRequests->handleRequest()
#28 /app/vendor/laravel/framework/src/Illuminate/Routing/Middleware/ThrottleRequests.php(54): Illuminate\\Routing\\Middleware\\ThrottleRequests->handleRequestUsingNamedLimiter()
#29 /app/vendor/laravel/framework/src/Illuminate/Pipeline/Pipeline.php(180): Illuminate\\Routing\\Middleware\\ThrottleRequests->handle()
#30 /app/vendor/laravel/framework/src/Illuminate/Pipeline/Pipeline.php(116): Illuminate\\Pipeline\\Pipeline->Illuminate\\Pipeline\\{closure}()
#31 /app/vendor/laravel/framework/src/Illuminate/Routing/Router.php(727): Illuminate\\Pipeline\\Pipeline->then()
#32 /app/vendor/laravel/framework/src/Illuminate/Routing/Router.php(702): Illuminate\\Routing\\Router->runRouteWithinStack()
#33 /app/vendor/laravel/framework/src/Illuminate/Routing/Router.php(666): Illuminate\\Routing\\Router->runRoute()
#34 /app/vendor/laravel/framework/src/Illuminate/Routing/Router.php(655): Illuminate\\Routing\\Router->dispatchToRoute()
#35 /app/vendor/laravel/framework/src/Illuminate/Foundation/Http/Kernel.php(167): Illuminate\\Routing\\Router->dispatch()
#36 /app/vendor/laravel/framework/src/Illuminate/Pipeline/Pipeline.php(141): Illuminate\\Foundation\\Http\\Kernel->Illuminate\\Foundation\\Http\\{closure}()
#37 /app/vendor/laravel/framework/src/Illuminate/Foundation/Http/Middleware/TransformsRequest.php(21): Illuminate\\Pipeline\\Pipeline->Illuminate\\Pipeline\\{closure}()
#38 /app/vendor/laravel/framework/src/Illuminate/Foundation/Http/Middleware/ConvertEmptyStringsToNull.php(31): Illuminate\\Foundation\\Http\\Middleware\\TransformsRequest->handle()
#39 /app/vendor/laravel/framework/src/Illuminate/Pipeline/Pipeline.php(180): Illuminate\\Foundation\\Http\\Middleware\\ConvertEmptyStringsToNull->handle()
#40 /app/vendor/laravel/framework/src/Illuminate/Foundation/Http/Middleware/TransformsRequest.php(21): Illuminate\\Pipeline\\Pipeline->Illuminate\\Pipeline\\{closure}()
#41 /app/vendor/laravel/framework/src/Illuminate/Foundation/Http/Middleware/TrimStrings.php(40): Illuminate\\Foundation\\Http\\Middleware\\TransformsRequest->handle()
#42 /app/vendor/laravel/framework/src/Illuminate/Pipeline/Pipeline.php(180): Illuminate\\Foundation\\Http\\Middleware\\TrimStrings->handle()
#43 /app/vendor/laravel/framework/src/Illuminate/Foundation/Http/Middleware/ValidatePostSize.php(27): Illuminate\\Pipeline\\Pipeline->Illuminate\\Pipeline\\{closure}()
#44 /app/vendor/laravel/framework/src/Illuminate/Pipeline/Pipeline.php(180): Illuminate\\Foundation\\Http\\Middleware\\ValidatePostSize->handle()
#45 /app/vendor/laravel/framework/src/Illuminate/Foundation/Http/Middleware/PreventRequestsDuringMaintenance.php(86): Illuminate\\Pipeline\\Pipeline->Illuminate\\Pipeline\\{closure}()
#46 /app/vendor/laravel/framework/src/Illuminate/Pipeline/Pipeline.php(180): Illuminate\\Foundation\\Http\\Middleware\\PreventRequestsDuringMaintenance->handle()
#47 /app/vendor/laravel/framework/src/Illuminate/Http/Middleware/HandleCors.php(62): Illuminate\\Pipeline\\Pipeline->Illuminate\\Pipeline\\{closure}()
#48 /app/vendor/laravel/framework/src/Illuminate/Pipeline/Pipeline.php(180): Illuminate\\Http\\Middleware\\HandleCors->handle()
#49 /app/vendor/laravel/framework/src/Illuminate/Http/Middleware/TrustProxies.php(39): Illuminate\\Pipeline\\Pipeline->Illuminate\\Pipeline\\{closure}()
#50 /app/vendor/laravel/framework/src/Illuminate/Pipeline/Pipeline.php(180): Illuminate\\Http\\Middleware\\TrustProxies->handle()
#51 /app/vendor/laravel/framework/src/Illuminate/Pipeline/Pipeline.php(116): Illuminate\\Pipeline\\Pipeline->Illuminate\\Pipeline\\{closure}()
#52 /app/vendor/laravel/framework/src/Illuminate/Foundation/Http/Kernel.php(142): Illuminate\\Pipeline\\Pipeline->then()
#53 /app/vendor/laravel/framework/src/Illuminate/Foundation/Http/Kernel.php(111): Illuminate\\Foundation\\Http\\Kernel->sendRequestThroughRouter()
#54 /app/public/index.php(52): Illuminate\\Foundation\\Http\\Kernel->handle()
#55 /app/vendor/laravel/framework/src/Illuminate/Foundation/resources/server.php(16): require_once('...')
#56 {main}

[previous exception] [object] (PDOException(code: 2002): SQLSTATE[HY000] [2002] Connection refused at /app/vendor/laravel/framework/src/Illuminate/Database/Connectors/Connector.php:70)
[stacktrace]
#0 /app/vendor/laravel/framework/src/Illuminate/Database/Connectors/Connector.php(70): PDO->__construct()
#1 /app/vendor/laravel/framework/src/Illuminate/Database/Connectors/Connector.php(100): Illuminate\\Database\\Connectors\\Connector->createPdoConnection()
#2 /app/vendor/laravel/framework/src/Illuminate/Database/Connectors/Connector.php(50): Illuminate\\Database\\Connectors\\Connector->tryAgainIfCausedByLostConnection()
#3 /app/vendor/laravel/framework/src/Illuminate/Database/Connectors/MySqlConnector.php(24): Illuminate\\Database\\Connectors\\Connector->createConnection()
#4 /app/vendor/laravel/framework/src/Illuminate/Database/Connectors/ConnectionFactory.php(184): Illuminate\\Database\\Connectors\\MySqlConnector->connect()
#5 [internal function]: Illuminate\\Database\\Connectors\\ConnectionFactory->Illuminate\\Database\\Connectors\\{closure}()
#6 /app/vendor/laravel/framework/src/Illuminate/Database/Connection.php(1058): call_user_func()
#7 /app/vendor/laravel/framework/src/Illuminate/Database/Connection.php(495): Illuminate\\Database\\Connection->getPdo()
#8 /app/vendor/laravel/framework/src/Illuminate/Database/Connection.php(709): Illuminate\\Database\\Connection->Illuminate\\Database\\{closure}()
#9 /app/vendor/laravel/framework/src/Illuminate/Database/Connection.php(788): Illuminate\\Database\\Connection->runQueryCallback()
#10 /app/vendor/laravel/framework/src/Illuminate/Database/Connection.php(768): Illuminate\\Database\\Connection->tryAgainIfCausedByLostConnection()
#11 /app/vendor/laravel/framework/src/Illuminate/Database/Connection.php(679): Illuminate\\Database\\Connection->handleQueryException()
#12 /app/vendor/laravel/framework/src/Illuminate/Database/Connection.php(502): Illuminate\\Database\\Connection->run()
#13 /app/vendor/laravel/framework/src/Illuminate/Database/Connection.php(454): Illuminate\\Database\\Connection->statement()
#14 /app/vendor/laravel/framework/src/Illuminate/Database/Query/Processors/Processor.php(32): Illuminate\\Database\\Connection->insert()
#15 /app/vendor/laravel/framework/src/Illuminate/Database/Query/Builder.php(3170): Illuminate\\Database\\Query\\Processors\\Processor->processInsertGetId()
#16 /app/vendor/laravel/framework/src/Illuminate/Database/Eloquent/Builder.php(1707): Illuminate\\Database\\Query\\Builder->insertGetId()
#17 /app/vendor/laravel/framework/src/Illuminate/Database/Eloquent/Model.php(1190): Illuminate\\Database\\Eloquent\\Builder->__call()
#18 /app/vendor/laravel/framework/src/Illuminate/Database/Eloquent/Model.php(1155): Illuminate\\Database\\Eloquent\\Model->insertAndSetId()
#19 /app/vendor/laravel/framework/src/Illuminate/Database/Eloquent/Model.php(996): Illuminate\\Database\\Eloquent\\Model->performInsert()
#20 /app/vendor/laravel/framework/src/Illuminate/Database/Eloquent/Builder.php(946): Illuminate\\Database\\Eloquent\\Model->save()
#21 /app/vendor/laravel/framework/src/Illuminate/Support/helpers.php(302): Illuminate\\Database\\Eloquent\\Builder->Illuminate\\Database\\Eloquent\\{closure}()
#22 /app/vendor/laravel/framework/src/Illuminate/Database/Eloquent/Builder.php(947): tap()
#23 /app/vendor/laravel/framework/src/Illuminate/Support/Traits/ForwardsCalls.php(23): Illuminate\\Database\\Eloquent\\Builder->create()
#24 /app/vendor/laravel/framework/src/Illuminate/Database/Eloquent/Model.php(2133): Illuminate\\Database\\Eloquent\\Model->forwardCallTo()
#25 /app/vendor/laravel/framework/src/Illuminate/Database/Eloquent/Model.php(2145): Illuminate\\Database\\Eloquent\\Model->__call()
#26 /app/app/Http/Controllers/ProductController.php(28): Illuminate\\Database\\Eloquent\\Model::__callStatic()
#27 /app/vendor/laravel/framework/src/Illuminate/Routing/Controller.php(54): App\\Http\\Controllers\\ProductController->store()
#28 /app/vendor/laravel/framework/src/Illuminate/Routing/ControllerDispatcher.php(45): Illuminate\\Routing\\Controller->callAction()
#29 /app/vendor/laravel/framework/src/Illuminate/Routing/Route.php(261): Illuminate\\Routing\\ControllerDispatcher->dispatch()
#30 /app/vendor/laravel/framework/src/Illuminate/Routing/Route.php(204): Illuminate\\Routing\\Route->runController()
#31 /app/vendor/laravel/framework/src/Illuminate/Routing/Router.php(725): Illuminate\\Routing\\Route->run()
#32 /app/vendor/laravel/framework/src/Illuminate/Pipeline/Pipeline.php(141): Illuminate\\Routing\\Router->Illuminate\\Routing\\{closure}()
#33 /app/vendor/laravel/framework/src/Illuminate/Routing/Middleware/SubstituteBindings.php(50): Illuminate\\Pipeline\\Pipeline->Illuminate\\Pipeline\\{closure}()
#34 /app/vendor/laravel/framework/src/Illuminate/Pipeline/Pipeline.php(180): Illuminate\\Routing\\Middleware\\SubstituteBindings->handle()
#35 /app/vendor/laravel/framework/src/Illuminate/Routing/Middleware/ThrottleRequests.php(126): Illuminate\\Pipeline\\Pipeline->Illuminate\\Pipeline\\{closure}()
#36 /app/vendor/laravel/framework/src/Illuminate/Routing/Middleware/ThrottleRequests.php(102): Illuminate\\Routing\\Middleware\\ThrottleRequests->handleRequest()
#37 /app/vendor/laravel/framework/src/Illuminate/Routing/Middleware/ThrottleRequests.php(54): Illuminate\\Routing\\Middleware\\ThrottleRequests->handleRequestUsingNamedLimiter()
#38 /app/vendor/laravel/framework/src/Illuminate/Pipeline/Pipeline.php(180): Illuminate\\Routing\\Middleware\\ThrottleRequests->handle()
#39 /app/vendor/laravel/framework/src/Illuminate/Pipeline/Pipeline.php(116): Illuminate\\Pipeline\\Pipeline->Illuminate\\Pipeline\\{closure}()
#40 /app/vendor/laravel/framework/src/Illuminate/Routing/Router.php(727): Illuminate\\Pipeline\\Pipeline->then()
#41 /app/vendor/laravel/framework/src/Illuminate/Routing/Router.php(702): Illuminate\\Routing\\Router->runRouteWithinStack()
#42 /app/vendor/laravel/framework/src/Illuminate/Routing/Router.php(666): Illuminate\\Routing\\Router->runRoute()
#43 /app/vendor/laravel/framework/src/Illuminate/Routing/Router.php(655): Illuminate\\Routing\\Router->dispatchToRoute()
#44 /app/vendor/laravel/framework/src/Illuminate/Foundation/Http/Kernel.php(167): Illuminate\\Routing\\Router->dispatch()
#45 /app/vendor/laravel/framework/src/Illuminate/Pipeline/Pipeline.php(141): Illuminate\\Foundation\\Http\\Kernel->Illuminate\\Foundation\\Http\\{closure}()
#46 /app/vendor/laravel/framework/src/Illuminate/Foundation/Http/Middleware/TransformsRequest.php(21): Illuminate\\Pipeline\\Pipeline->Illuminate\\Pipeline\\{closure}()
#47 /app/vendor/laravel/framework/src/Illuminate/Foundation/Http/Middleware/ConvertEmptyStringsToNull.php(31): Illuminate\\Foundation\\Http\\Middleware\\TransformsRequest->handle()
#48 /app/vendor/laravel/framework/src/Illuminate/Pipeline/Pipeline.php(180): Illuminate\\Foundation\\Http\\Middleware\\ConvertEmptyStringsToNull->handle()
#49 /app/vendor/laravel/framework/src/Illuminate/Foundation/Http/Middleware/TransformsRequest.php(21): Illuminate\\Pipeline\\Pipeline->Illuminate\\Pipeline\\{closure}()
#50 /app/vendor/laravel/framework/src/Illuminate/Foundation/Http/Middleware/TrimStrings.php(40): Illuminate\\Foundation\\Http\\Middleware\\TransformsRequest->handle()
#51 /app/vendor/laravel/framework/src/Illuminate/Pipeline/Pipeline.php(180): Illuminate\\Foundation\\Http\\Middleware\\TrimStrings->handle()
#52 /app/vendor/laravel/framework/src/Illuminate/Foundation/Http/Middleware/ValidatePostSize.php(27): Illuminate\\Pipeline\\Pipeline->Illuminate\\Pipeline\\{closure}()
#53 /app/vendor/laravel/framework/src/Illuminate/Pipeline/Pipeline.php(180): Illuminate\\Foundation\\Http\\Middleware\\ValidatePostSize->handle()
#54 /app/vendor/laravel/framework/src/Illuminate/Foundation/Http/Middleware/PreventRequestsDuringMaintenance.php(86): Illuminate\\Pipeline\\Pipeline->Illuminate\\Pipeline\\{closure}()
#55 /app/vendor/laravel/framework/src/Illuminate/Pipeline/Pipeline.php(180): Illuminate\\Foundation\\Http\\Middleware\\PreventRequestsDuringMaintenance->handle()
#56 /app/vendor/laravel/framework/src/Illuminate/Http/Middleware/HandleCors.php(62): Illuminate\\Pipeline\\Pipeline->Illuminate\\Pipeline\\{closure}()
#57 /app/vendor/laravel/framework/src/Illuminate/Pipeline/Pipeline.php(180): Illuminate\\Http\\Middleware\\HandleCors->handle()
#58 /app/vendor/laravel/framework/src/Illuminate/Http/Middleware/TrustProxies.php(39): Illuminate\\Pipeline\\Pipeline->Illuminate\\Pipeline\\{closure}()
#59 /app/vendor/laravel/framework/src/Illuminate/Pipeline/Pipeline.php(180): Illuminate\\Http\\Middleware\\TrustProxies->handle()
#60 /app/vendor/laravel/framework/src/Illuminate/Pipeline/Pipeline.php(116): Illuminate\\Pipeline\\Pipeline->Illuminate\\Pipeline\\{closure}()
#61 /app/vendor/laravel/framework/src/Illuminate/Foundation/Http/Kernel.php(142): Illuminate\\Pipeline\\Pipeline->then()
#62 /app/vendor/laravel/framework/src/Illuminate/Foundation/Http/Kernel.php(111): Illuminate\\Foundation\\Http\\Kernel->sendRequestThroughRouter()
#63 /app/public/index.php(52): Illuminate\\Foundation\\Http\\Kernel->handle()
#64 /app/vendor/laravel/framework/src/Illuminate/Foundation/resources/server.php(16): require_once('...')
#65 {main}
"} 
[2022-04-03 09:09:08] local.ERROR: SQLSTATE[HY000] [2002] Connection refused (SQL: insert into `product` (`type_id`, `brandname`, `pic_url`, `price`, `available`, `stock`, `updated_at`, `created_at`) values (10, WD, imgur.com, 500, 0, 5, 2022-04-03 09:09:08, 2022-04-03 09:09:08)) {"exception":"[object] (Illuminate\\Database\\QueryException(code: 2002): SQLSTATE[HY000] [2002] Connection refused (SQL: insert into `product` (`type_id`, `brandname`, `pic_url`, `price`, `available`, `stock`, `updated_at`, `created_at`) values (10, WD, imgur.com, 500, 0, 5, 2022-04-03 09:09:08, 2022-04-03 09:09:08)) at /app/vendor/laravel/framework/src/Illuminate/Database/Connection.php:716)
[stacktrace]
#0 /app/vendor/laravel/framework/src/Illuminate/Database/Connection.php(788): Illuminate\\Database\\Connection->runQueryCallback()
#1 /app/vendor/laravel/framework/src/Illuminate/Database/Connection.php(768): Illuminate\\Database\\Connection->tryAgainIfCausedByLostConnection()
#2 /app/vendor/laravel/framework/src/Illuminate/Database/Connection.php(679): Illuminate\\Database\\Connection->handleQueryException()
#3 /app/vendor/laravel/framework/src/Illuminate/Database/Connection.php(502): Illuminate\\Database\\Connection->run()
#4 /app/vendor/laravel/framework/src/Illuminate/Database/Connection.php(454): Illuminate\\Database\\Connection->statement()
#5 /app/vendor/laravel/framework/src/Illuminate/Database/Query/Processors/Processor.php(32): Illuminate\\Database\\Connection->insert()
#6 /app/vendor/laravel/framework/src/Illuminate/Database/Query/Builder.php(3170): Illuminate\\Database\\Query\\Processors\\Processor->processInsertGetId()
#7 /app/vendor/laravel/framework/src/Illuminate/Database/Eloquent/Builder.php(1707): Illuminate\\Database\\Query\\Builder->insertGetId()
#8 /app/vendor/laravel/framework/src/Illuminate/Database/Eloquent/Model.php(1190): Illuminate\\Database\\Eloquent\\Builder->__call()
#9 /app/vendor/laravel/framework/src/Illuminate/Database/Eloquent/Model.php(1155): Illuminate\\Database\\Eloquent\\Model->insertAndSetId()
#10 /app/vendor/laravel/framework/src/Illuminate/Database/Eloquent/Model.php(996): Illuminate\\Database\\Eloquent\\Model->performInsert()
#11 /app/vendor/laravel/framework/src/Illuminate/Database/Eloquent/Builder.php(946): Illuminate\\Database\\Eloquent\\Model->save()
#12 /app/vendor/laravel/framework/src/Illuminate/Support/helpers.php(302): Illuminate\\Database\\Eloquent\\Builder->Illuminate\\Database\\Eloquent\\{closure}()
#13 /app/vendor/laravel/framework/src/Illuminate/Database/Eloquent/Builder.php(947): tap()
#14 /app/vendor/laravel/framework/src/Illuminate/Support/Traits/ForwardsCalls.php(23): Illuminate\\Database\\Eloquent\\Builder->create()
#15 /app/vendor/laravel/framework/src/Illuminate/Database/Eloquent/Model.php(2133): Illuminate\\Database\\Eloquent\\Model->forwardCallTo()
#16 /app/vendor/laravel/framework/src/Illuminate/Database/Eloquent/Model.php(2145): Illuminate\\Database\\Eloquent\\Model->__call()
#17 /app/app/Http/Controllers/ProductController.php(28): Illuminate\\Database\\Eloquent\\Model::__callStatic()
#18 /app/vendor/laravel/framework/src/Illuminate/Routing/Controller.php(54): App\\Http\\Controllers\\ProductController->store()
#19 /app/vendor/laravel/framework/src/Illuminate/Routing/ControllerDispatcher.php(45): Illuminate\\Routing\\Controller->callAction()
#20 /app/vendor/laravel/framework/src/Illuminate/Routing/Route.php(261): Illuminate\\Routing\\ControllerDispatcher->dispatch()
#21 /app/vendor/laravel/framework/src/Illuminate/Routing/Route.php(204): Illuminate\\Routing\\Route->runController()
#22 /app/vendor/laravel/framework/src/Illuminate/Routing/Router.php(725): Illuminate\\Routing\\Route->run()
#23 /app/vendor/laravel/framework/src/Illuminate/Pipeline/Pipeline.php(141): Illuminate\\Routing\\Router->Illuminate\\Routing\\{closure}()
#24 /app/vendor/laravel/framework/src/Illuminate/Routing/Middleware/SubstituteBindings.php(50): Illuminate\\Pipeline\\Pipeline->Illuminate\\Pipeline\\{closure}()
#25 /app/vendor/laravel/framework/src/Illuminate/Pipeline/Pipeline.php(180): Illuminate\\Routing\\Middleware\\SubstituteBindings->handle()
#26 /app/vendor/laravel/framework/src/Illuminate/Routing/Middleware/ThrottleRequests.php(126): Illuminate\\Pipeline\\Pipeline->Illuminate\\Pipeline\\{closure}()
#27 /app/vendor/laravel/framework/src/Illuminate/Routing/Middleware/ThrottleRequests.php(102): Illuminate\\Routing\\Middleware\\ThrottleRequests->handleRequest()
#28 /app/vendor/laravel/framework/src/Illuminate/Routing/Middleware/ThrottleRequests.php(54): Illuminate\\Routing\\Middleware\\ThrottleRequests->handleRequestUsingNamedLimiter()
#29 /app/vendor/laravel/framework/src/Illuminate/Pipeline/Pipeline.php(180): Illuminate\\Routing\\Middleware\\ThrottleRequests->handle()
#30 /app/vendor/laravel/framework/src/Illuminate/Pipeline/Pipeline.php(116): Illuminate\\Pipeline\\Pipeline->Illuminate\\Pipeline\\{closure}()
#31 /app/vendor/laravel/framework/src/Illuminate/Routing/Router.php(727): Illuminate\\Pipeline\\Pipeline->then()
#32 /app/vendor/laravel/framework/src/Illuminate/Routing/Router.php(702): Illuminate\\Routing\\Router->runRouteWithinStack()
#33 /app/vendor/laravel/framework/src/Illuminate/Routing/Router.php(666): Illuminate\\Routing\\Router->runRoute()
#34 /app/vendor/laravel/framework/src/Illuminate/Routing/Router.php(655): Illuminate\\Routing\\Router->dispatchToRoute()
#35 /app/vendor/laravel/framework/src/Illuminate/Foundation/Http/Kernel.php(167): Illuminate\\Routing\\Router->dispatch()
#36 /app/vendor/laravel/framework/src/Illuminate/Pipeline/Pipeline.php(141): Illuminate\\Foundation\\Http\\Kernel->Illuminate\\Foundation\\Http\\{closure}()
#37 /app/vendor/laravel/framework/src/Illuminate/Foundation/Http/Middleware/TransformsRequest.php(21): Illuminate\\Pipeline\\Pipeline->Illuminate\\Pipeline\\{closure}()
#38 /app/vendor/laravel/framework/src/Illuminate/Foundation/Http/Middleware/ConvertEmptyStringsToNull.php(31): Illuminate\\Foundation\\Http\\Middleware\\TransformsRequest->handle()
#39 /app/vendor/laravel/framework/src/Illuminate/Pipeline/Pipeline.php(180): Illuminate\\Foundation\\Http\\Middleware\\ConvertEmptyStringsToNull->handle()
#40 /app/vendor/laravel/framework/src/Illuminate/Foundation/Http/Middleware/TransformsRequest.php(21): Illuminate\\Pipeline\\Pipeline->Illuminate\\Pipeline\\{closure}()
#41 /app/vendor/laravel/framework/src/Illuminate/Foundation/Http/Middleware/TrimStrings.php(40): Illuminate\\Foundation\\Http\\Middleware\\TransformsRequest->handle()
#42 /app/vendor/laravel/framework/src/Illuminate/Pipeline/Pipeline.php(180): Illuminate\\Foundation\\Http\\Middleware\\TrimStrings->handle()
#43 /app/vendor/laravel/framework/src/Illuminate/Foundation/Http/Middleware/ValidatePostSize.php(27): Illuminate\\Pipeline\\Pipeline->Illuminate\\Pipeline\\{closure}()
#44 /app/vendor/laravel/framework/src/Illuminate/Pipeline/Pipeline.php(180): Illuminate\\Foundation\\Http\\Middleware\\ValidatePostSize->handle()
#45 /app/vendor/laravel/framework/src/Illuminate/Foundation/Http/Middleware/PreventRequestsDuringMaintenance.php(86): Illuminate\\Pipeline\\Pipeline->Illuminate\\Pipeline\\{closure}()
#46 /app/vendor/laravel/framework/src/Illuminate/Pipeline/Pipeline.php(180): Illuminate\\Foundation\\Http\\Middleware\\PreventRequestsDuringMaintenance->handle()
#47 /app/vendor/laravel/framework/src/Illuminate/Http/Middleware/HandleCors.php(62): Illuminate\\Pipeline\\Pipeline->Illuminate\\Pipeline\\{closure}()
#48 /app/vendor/laravel/framework/src/Illuminate/Pipeline/Pipeline.php(180): Illuminate\\Http\\Middleware\\HandleCors->handle()
#49 /app/vendor/laravel/framework/src/Illuminate/Http/Middleware/TrustProxies.php(39): Illuminate\\Pipeline\\Pipeline->Illuminate\\Pipeline\\{closure}()
#50 /app/vendor/laravel/framework/src/Illuminate/Pipeline/Pipeline.php(180): Illuminate\\Http\\Middleware\\TrustProxies->handle()
#51 /app/vendor/laravel/framework/src/Illuminate/Pipeline/Pipeline.php(116): Illuminate\\Pipeline\\Pipeline->Illuminate\\Pipeline\\{closure}()
#52 /app/vendor/laravel/framework/src/Illuminate/Foundation/Http/Kernel.php(142): Illuminate\\Pipeline\\Pipeline->then()
#53 /app/vendor/laravel/framework/src/Illuminate/Foundation/Http/Kernel.php(111): Illuminate\\Foundation\\Http\\Kernel->sendRequestThroughRouter()
#54 /app/public/index.php(52): Illuminate\\Foundation\\Http\\Kernel->handle()
#55 /app/vendor/laravel/framework/src/Illuminate/Foundation/resources/server.php(16): require_once('...')
#56 {main}

[previous exception] [object] (PDOException(code: 2002): SQLSTATE[HY000] [2002] Connection refused at /app/vendor/laravel/framework/src/Illuminate/Database/Connectors/Connector.php:70)
[stacktrace]
#0 /app/vendor/laravel/framework/src/Illuminate/Database/Connectors/Connector.php(70): PDO->__construct()
#1 /app/vendor/laravel/framework/src/Illuminate/Database/Connectors/Connector.php(100): Illuminate\\Database\\Connectors\\Connector->createPdoConnection()
#2 /app/vendor/laravel/framework/src/Illuminate/Database/Connectors/Connector.php(50): Illuminate\\Database\\Connectors\\Connector->tryAgainIfCausedByLostConnection()
#3 /app/vendor/laravel/framework/src/Illuminate/Database/Connectors/MySqlConnector.php(24): Illuminate\\Database\\Connectors\\Connector->createConnection()
#4 /app/vendor/laravel/framework/src/Illuminate/Database/Connectors/ConnectionFactory.php(184): Illuminate\\Database\\Connectors\\MySqlConnector->connect()
#5 [internal function]: Illuminate\\Database\\Connectors\\ConnectionFactory->Illuminate\\Database\\Connectors\\{closure}()
#6 /app/vendor/laravel/framework/src/Illuminate/Database/Connection.php(1058): call_user_func()
#7 /app/vendor/laravel/framework/src/Illuminate/Database/Connection.php(495): Illuminate\\Database\\Connection->getPdo()
#8 /app/vendor/laravel/framework/src/Illuminate/Database/Connection.php(709): Illuminate\\Database\\Connection->Illuminate\\Database\\{closure}()
#9 /app/vendor/laravel/framework/src/Illuminate/Database/Connection.php(788): Illuminate\\Database\\Connection->runQueryCallback()
#10 /app/vendor/laravel/framework/src/Illuminate/Database/Connection.php(768): Illuminate\\Database\\Connection->tryAgainIfCausedByLostConnection()
#11 /app/vendor/laravel/framework/src/Illuminate/Database/Connection.php(679): Illuminate\\Database\\Connection->handleQueryException()
#12 /app/vendor/laravel/framework/src/Illuminate/Database/Connection.php(502): Illuminate\\Database\\Connection->run()
#13 /app/vendor/laravel/framework/src/Illuminate/Database/Connection.php(454): Illuminate\\Database\\Connection->statement()
#14 /app/vendor/laravel/framework/src/Illuminate/Database/Query/Processors/Processor.php(32): Illuminate\\Database\\Connection->insert()
#15 /app/vendor/laravel/framework/src/Illuminate/Database/Query/Builder.php(3170): Illuminate\\Database\\Query\\Processors\\Processor->processInsertGetId()
#16 /app/vendor/laravel/framework/src/Illuminate/Database/Eloquent/Builder.php(1707): Illuminate\\Database\\Query\\Builder->insertGetId()
#17 /app/vendor/laravel/framework/src/Illuminate/Database/Eloquent/Model.php(1190): Illuminate\\Database\\Eloquent\\Builder->__call()
#18 /app/vendor/laravel/framework/src/Illuminate/Database/Eloquent/Model.php(1155): Illuminate\\Database\\Eloquent\\Model->insertAndSetId()
#19 /app/vendor/laravel/framework/src/Illuminate/Database/Eloquent/Model.php(996): Illuminate\\Database\\Eloquent\\Model->performInsert()
#20 /app/vendor/laravel/framework/src/Illuminate/Database/Eloquent/Builder.php(946): Illuminate\\Database\\Eloquent\\Model->save()
#21 /app/vendor/laravel/framework/src/Illuminate/Support/helpers.php(302): Illuminate\\Database\\Eloquent\\Builder->Illuminate\\Database\\Eloquent\\{closure}()
#22 /app/vendor/laravel/framework/src/Illuminate/Database/Eloquent/Builder.php(947): tap()
#23 /app/vendor/laravel/framework/src/Illuminate/Support/Traits/ForwardsCalls.php(23): Illuminate\\Database\\Eloquent\\Builder->create()
#24 /app/vendor/laravel/framework/src/Illuminate/Database/Eloquent/Model.php(2133): Illuminate\\Database\\Eloquent\\Model->forwardCallTo()
#25 /app/vendor/laravel/framework/src/Illuminate/Database/Eloquent/Model.php(2145): Illuminate\\Database\\Eloquent\\Model->__call()
#26 /app/app/Http/Controllers/ProductController.php(28): Illuminate\\Database\\Eloquent\\Model::__callStatic()
#27 /app/vendor/laravel/framework/src/Illuminate/Routing/Controller.php(54): App\\Http\\Controllers\\ProductController->store()
#28 /app/vendor/laravel/framework/src/Illuminate/Routing/ControllerDispatcher.php(45): Illuminate\\Routing\\Controller->callAction()
#29 /app/vendor/laravel/framework/src/Illuminate/Routing/Route.php(261): Illuminate\\Routing\\ControllerDispatcher->dispatch()
#30 /app/vendor/laravel/framework/src/Illuminate/Routing/Route.php(204): Illuminate\\Routing\\Route->runController()
#31 /app/vendor/laravel/framework/src/Illuminate/Routing/Router.php(725): Illuminate\\Routing\\Route->run()
#32 /app/vendor/laravel/framework/src/Illuminate/Pipeline/Pipeline.php(141): Illuminate\\Routing\\Router->Illuminate\\Routing\\{closure}()
#33 /app/vendor/laravel/framework/src/Illuminate/Routing/Middleware/SubstituteBindings.php(50): Illuminate\\Pipeline\\Pipeline->Illuminate\\Pipeline\\{closure}()
#34 /app/vendor/laravel/framework/src/Illuminate/Pipeline/Pipeline.php(180): Illuminate\\Routing\\Middleware\\SubstituteBindings->handle()
#35 /app/vendor/laravel/framework/src/Illuminate/Routing/Middleware/ThrottleRequests.php(126): Illuminate\\Pipeline\\Pipeline->Illuminate\\Pipeline\\{closure}()
#36 /app/vendor/laravel/framework/src/Illuminate/Routing/Middleware/ThrottleRequests.php(102): Illuminate\\Routing\\Middleware\\ThrottleRequests->handleRequest()
#37 /app/vendor/laravel/framework/src/Illuminate/Routing/Middleware/ThrottleRequests.php(54): Illuminate\\Routing\\Middleware\\ThrottleRequests->handleRequestUsingNamedLimiter()
#38 /app/vendor/laravel/framework/src/Illuminate/Pipeline/Pipeline.php(180): Illuminate\\Routing\\Middleware\\ThrottleRequests->handle()
#39 /app/vendor/laravel/framework/src/Illuminate/Pipeline/Pipeline.php(116): Illuminate\\Pipeline\\Pipeline->Illuminate\\Pipeline\\{closure}()
#40 /app/vendor/laravel/framework/src/Illuminate/Routing/Router.php(727): Illuminate\\Pipeline\\Pipeline->then()
#41 /app/vendor/laravel/framework/src/Illuminate/Routing/Router.php(702): Illuminate\\Routing\\Router->runRouteWithinStack()
#42 /app/vendor/laravel/framework/src/Illuminate/Routing/Router.php(666): Illuminate\\Routing\\Router->runRoute()
#43 /app/vendor/laravel/framework/src/Illuminate/Routing/Router.php(655): Illuminate\\Routing\\Router->dispatchToRoute()
#44 /app/vendor/laravel/framework/src/Illuminate/Foundation/Http/Kernel.php(167): Illuminate\\Routing\\Router->dispatch()
#45 /app/vendor/laravel/framework/src/Illuminate/Pipeline/Pipeline.php(141): Illuminate\\Foundation\\Http\\Kernel->Illuminate\\Foundation\\Http\\{closure}()
#46 /app/vendor/laravel/framework/src/Illuminate/Foundation/Http/Middleware/TransformsRequest.php(21): Illuminate\\Pipeline\\Pipeline->Illuminate\\Pipeline\\{closure}()
#47 /app/vendor/laravel/framework/src/Illuminate/Foundation/Http/Middleware/ConvertEmptyStringsToNull.php(31): Illuminate\\Foundation\\Http\\Middleware\\TransformsRequest->handle()
#48 /app/vendor/laravel/framework/src/Illuminate/Pipeline/Pipeline.php(180): Illuminate\\Foundation\\Http\\Middleware\\ConvertEmptyStringsToNull->handle()
#49 /app/vendor/laravel/framework/src/Illuminate/Foundation/Http/Middleware/TransformsRequest.php(21): Illuminate\\Pipeline\\Pipeline->Illuminate\\Pipeline\\{closure}()
#50 /app/vendor/laravel/framework/src/Illuminate/Foundation/Http/Middleware/TrimStrings.php(40): Illuminate\\Foundation\\Http\\Middleware\\TransformsRequest->handle()
#51 /app/vendor/laravel/framework/src/Illuminate/Pipeline/Pipeline.php(180): Illuminate\\Foundation\\Http\\Middleware\\TrimStrings->handle()
#52 /app/vendor/laravel/framework/src/Illuminate/Foundation/Http/Middleware/ValidatePostSize.php(27): Illuminate\\Pipeline\\Pipeline->Illuminate\\Pipeline\\{closure}()
#53 /app/vendor/laravel/framework/src/Illuminate/Pipeline/Pipeline.php(180): Illuminate\\Foundation\\Http\\Middleware\\ValidatePostSize->handle()
#54 /app/vendor/laravel/framework/src/Illuminate/Foundation/Http/Middleware/PreventRequestsDuringMaintenance.php(86): Illuminate\\Pipeline\\Pipeline->Illuminate\\Pipeline\\{closure}()
#55 /app/vendor/laravel/framework/src/Illuminate/Pipeline/Pipeline.php(180): Illuminate\\Foundation\\Http\\Middleware\\PreventRequestsDuringMaintenance->handle()
#56 /app/vendor/laravel/framework/src/Illuminate/Http/Middleware/HandleCors.php(62): Illuminate\\Pipeline\\Pipeline->Illuminate\\Pipeline\\{closure}()
#57 /app/vendor/laravel/framework/src/Illuminate/Pipeline/Pipeline.php(180): Illuminate\\Http\\Middleware\\HandleCors->handle()
#58 /app/vendor/laravel/framework/src/Illuminate/Http/Middleware/TrustProxies.php(39): Illuminate\\Pipeline\\Pipeline->Illuminate\\Pipeline\\{closure}()
#59 /app/vendor/laravel/framework/src/Illuminate/Pipeline/Pipeline.php(180): Illuminate\\Http\\Middleware\\TrustProxies->handle()
#60 /app/vendor/laravel/framework/src/Illuminate/Pipeline/Pipeline.php(116): Illuminate\\Pipeline\\Pipeline->Illuminate\\Pipeline\\{closure}()
#61 /app/vendor/laravel/framework/src/Illuminate/Foundation/Http/Kernel.php(142): Illuminate\\Pipeline\\Pipeline->then()
#62 /app/vendor/laravel/framework/src/Illuminate/Foundation/Http/Kernel.php(111): Illuminate\\Foundation\\Http\\Kernel->sendRequestThroughRouter()
#63 /app/public/index.php(52): Illuminate\\Foundation\\Http\\Kernel->handle()
#64 /app/vendor/laravel/framework/src/Illuminate/Foundation/resources/server.php(16): require_once('...')
#65 {main}
"} 
